[15:17:04.161] ENTRY TRADE: BTCUSDT
:bar_chart: ENTRY TRADE: BTCUSDT :bar_chart:
• Date: 2025-04-20 15:17:01
• Action: BUY
• Price: $84,455.02
• Quantity: 0.00012000
• Total Value: $10.13

PREDICTION DETAILS
• Direction Probability: 0.8821
• Magnitude Class: 5
• Magnitude Probability: 0.5476

[15:18:04.136] EXIT TRADE: BTCUSDT
:x: :green_circle: EXIT TRADE: BTCUSDT :x: :green_circle:

PREDICTION DETAILS
• Direction Probability: 0.5072
• Magnitude Class: 4
• Magnitude Probability: 0.4930

TRADE RESULTS :chart_with_upwards_trend:
• Entry Price: $84,455.02
• Exit Price: $84,480.31
• P/L: 0.03%
• Duration: 59 seconds
• Entry Time: 2025-04-20 15:17:01
• Exit Time: 2025-04-20 15:18:00
• Position Size: 0.00012000 BTC
• Total Value: $10.14

STATISTICS SUMMARY :bar_chart:
• Total Trades: 0
• Win Rate: 0.0% (0/0)
• Total P&L: :green_circle: 0.00%
• Worst Trade: 0.00%
• Avg Loss: 0.00%

P&L: 0.03%, Duration: 59 seconds

[15:19:03.499] ENTRY TRADE: BTCUSDT
:bar_chart: ENTRY TRADE: BTCUSDT :bar_chart:
• Date: 2025-04-20 15:19:01
• Action: BUY
• Price: $84,437.74
• Quantity: 0.00012000
• Total Value: $10.13

PREDICTION DETAILS
• Direction Probability: 0.8629
• Magnitude Class: 5
• Magnitude Probability: 0.5282

[15:22:04.113] EXIT TRADE: BTCUSDT
:x: :red_circle: EXIT TRADE: BTCUSDT :x: :red_circle:

PREDICTION DETAILS
• Direction Probability: 0.9034
• Magnitude Class: 5
• Magnitude Probability: 0.4841

TRADE RESULTS :chart_with_downwards_trend:
• Entry Price: $84,437.74
• Exit Price: $84,434.78
• P/L: -0.00%
• Duration: 2 minutes
• Entry Time: 2025-04-20 15:19:01
• Exit Time: 2025-04-20 15:22:00
• Position Size: 0.00012000 BTC
• Total Value: $10.13

STATISTICS SUMMARY :bar_chart:
• Total Trades: 0
• Win Rate: 0.0% (0/0)
• Total P&L: :red_circle: 0.00%
• Worst Trade: 0.00%
• Avg Loss: 0.00%

P&L: -0.00%, Duration: 2 minutes

[15:30:47.803] [🚀] Starting trading bot

